<?xml version="1.0" encoding="UTF-8"?>
<testsuite name="comp1721.cwk1.Full" tests="6" skipped="0" failures="0" errors="0" timestamp="2021-03-26T10:38:26" hostname="LAPTOP-I5AETTSM" time="0.038">
  <properties/>
  <testcase name="DatasetException if a column is missing in CSV" classname="comp1721.cwk1.Full" time="0.018"/>
  <testcase name="DatasetException if dataset too small to write active cases" classname="comp1721.cwk1.Full" time="0.001"/>
  <testcase name="Reading deletes existing data, even if file has col headings only" classname="comp1721.cwk1.Full" time="0.009"/>
  <testcase name="Daily cases are read from CSV file" classname="comp1721.cwk1.Full" time="0.001"/>
  <testcase name="Active cases written to a CSV file correctly" classname="comp1721.cwk1.Full" time="0.004"/>
  <testcase name="Suitable exception if CSV file cannot be found" classname="comp1721.cwk1.Full" time="0.002"/>
  <system-out><![CDATA[]]></system-out>
  <system-err><![CDATA[]]></system-err>
</testsuite>
